[Fri Jan 23 00:47:00 2026] [1790576]   100 1790576      415        2    36864       19             0 rabbitmq-server
[Fri Jan 23 00:47:00 2026] [1790604]     0 1790604   309590      766   118784      229          -998 containerd-shim
[Fri Jan 23 00:47:00 2026] [1790629]    70 1790629    43470      377   126976      441             0 postgres
[Fri Jan 23 00:47:00 2026] [1790647]     0 1790647   309654      781   118784      206          -998 containerd-shim
[Fri Jan 23 00:47:00 2026] [1790680]    70 1790680    43470      480   131072      437             0 postgres
[Fri Jan 23 00:47:00 2026] [1790724]     0 1790724   436467        0   159744      204          -500 docker-proxy
[Fri Jan 23 00:47:00 2026] [1790732]     0 1790732   418034        0   151552      198          -500 docker-proxy
[Fri Jan 23 00:47:00 2026] [1790747]     0 1790747   309590      727   122880      276          -998 containerd-shim
[Fri Jan 23 00:47:00 2026] [1790768]     0 1790768   321652     2087   266240      815             0 dozzle
[Fri Jan 23 00:47:00 2026] [1790822]   100 1790822   332217     6830   602112    17847             0 beam.smp
[Fri Jan 23 00:47:00 2026] [1790828]   100 1790828      213        1    40960        9             0 erl_child_setup
[Fri Jan 23 00:47:00 2026] [1790952]    70 1790952    43524      354   208896      497             0 postgres
[Fri Jan 23 00:47:00 2026] [1790954]    70 1790954    43496      140   122880      479             0 postgres
[Fri Jan 23 00:47:00 2026] [1790960]    70 1790960    43488       24   110592      483             0 postgres
[Fri Jan 23 00:47:00 2026] [1790961]    70 1790961    43890      206   118784      537             0 postgres
[Fri Jan 23 00:47:00 2026] [1790962]    70 1790962    43872      134   114688      544             0 postgres
[Fri Jan 23 00:47:00 2026] [1790963]    70 1790963    43540      418   270336      543             0 postgres
[Fri Jan 23 00:47:00 2026] [1790964]    70 1790964    43496      325   118784      492             0 postgres
[Fri Jan 23 00:47:00 2026] [1790966]    70 1790966    43488       60   106496      492             0 postgres
[Fri Jan 23 00:47:00 2026] [1790967]    70 1790967    43890      240   118784      545             0 postgres
[Fri Jan 23 00:47:00 2026] [1790968]    70 1790968    43872      138   106496      574             0 postgres
[Fri Jan 23 00:47:00 2026] [1790969]   100 1790969      410        0    45056       19             0 sh
[Fri Jan 23 00:47:00 2026] [1790971]   100 1790971      212        4    36864        6             0 memsup
[Fri Jan 23 00:47:00 2026] [1790972]   100 1790972      212        0    40960        9             0 cpu_sup
[Fri Jan 23 00:47:00 2026] [1790992]   100 1790992      224        0    36864        3             0 inet_gethost
[Fri Jan 23 00:47:00 2026] [1790993]   100 1790993      224        8    36864        2             0 inet_gethost
[Fri Jan 23 00:47:00 2026] [1791002]   100 1791002      822      498    45056       92             0 epmd
[Fri Jan 23 00:47:00 2026] [1791047]   100 1791047      410       14    36864        2             0 sh
[Fri Jan 23 00:47:00 2026] [1791970]     0 1791970   399601        0   147456      194          -500 docker-proxy
[Fri Jan 23 00:47:00 2026] [1791978]     0 1791978   418034        0   151552      224          -500 docker-proxy
[Fri Jan 23 00:47:00 2026] [1792015]     0 1792015   309654      841   122880      193          -998 containerd-shim
[Fri Jan 23 00:47:00 2026] [1792037]     0 1792037   182065        1  1097728     9835             0 node
[Fri Jan 23 00:47:00 2026] [1792105]     0 1792105   174424        1   565248     2090             0 node
[Fri Jan 23 00:47:00 2026] [1792139]     0 1792139 16186515     2820  2699264    19606             0 node
[Fri Jan 23 00:47:00 2026] [1792151]     0 1792151   309754      681   131072      529             0 esbuild
[Fri Jan 23 00:47:00 2026] [1792760]     0 1792760   309654      757   122880      272          -998 containerd-shim
[Fri Jan 23 00:47:00 2026] [1792782]     0 1792782   182044        1  1077248     9796             0 node
[Fri Jan 23 00:47:00 2026] [1792829]     0 1792829   174396        1   569344     2097             0 node
[Fri Jan 23 00:47:00 2026] [1792855]     0 1792855 16183467     1291  2637824    17525             0 node
[Fri Jan 23 00:47:00 2026] [1792871]     0 1792871   309654      738   126976      298          -998 containerd-shim
[Fri Jan 23 00:47:00 2026] [1792893]     0 1792893   181993        1  1089536     9745             0 node
[Fri Jan 23 00:47:00 2026] [1792926]     0 1792926   309754      733   131072      448             0 esbuild
[Fri Jan 23 00:47:00 2026] [1792965]     0 1792965   174333        1   536576     2060             0 node
[Fri Jan 23 00:47:00 2026] [1793029]     0 1793029 16177119     1095  1851392     9947             0 node
[Fri Jan 23 00:47:00 2026] [1793055]     0 1793055   309436      758   126976      315             0 esbuild
[Fri Jan 23 00:47:00 2026] [3971096]    70 3971096    44207      407   122880      799             0 postgres
[Fri Jan 23 00:47:00 2026] [ 933608]     0 933608   309590      669   114688      259          -998 containerd-shim
[Fri Jan 23 00:47:00 2026] [ 933630]     0 933630   205455        1  1716224    13381             0 node
[Fri Jan 23 00:47:00 2026] [ 933697]     0 933697      700        0    36864       25             0 sh
[Fri Jan 23 00:47:00 2026] [ 933698]     0 933698  6281881       63  3780608    29008             0 next-server (v1
[Fri Jan 23 00:47:00 2026] [ 865240]     0 865240   309590      791   118784      184          -998 containerd-shim
[Fri Jan 23 00:47:00 2026] [ 865261]     0 865261   182046        1  1114112     9758             0 node
[Fri Jan 23 00:47:00 2026] [ 865309]     0 865309  5650460    30499  4886528     8263             0 node
[Fri Jan 23 00:47:00 2026] [ 865352]     0 865352   180899      413   131072      761             0 esbuild
[Fri Jan 23 00:47:00 2026] [ 865372]    70 865372    44010      565   122880      674             0 postgres
[Fri Jan 23 00:47:00 2026] [1434814]     0 1434814   309590      768   126976      189          -998 containerd-shim
[Fri Jan 23 00:47:00 2026] [1434836]     0 1434836   382182     5789   659456     2775             0 traefik
[Fri Jan 23 00:47:00 2026] [1435158]     0 1435158   399601        0   143360      194          -500 docker-proxy
[Fri Jan 23 00:47:00 2026] [1435164]     0 1435164   399601        0   135168      194          -500 docker-proxy
[Fri Jan 23 00:47:00 2026] [1435176]     0 1435176   436531        0   155648      211          -500 docker-proxy
[Fri Jan 23 00:47:00 2026] [1435184]     0 1435184   436531        0   163840      206          -500 docker-proxy
[Fri Jan 23 00:47:00 2026] [1435198]     0 1435198   418034        0   139264      225          -500 docker-proxy
[Fri Jan 23 00:47:00 2026] [1435205]     0 1435205   417970        0   147456      219          -500 docker-proxy
[Fri Jan 23 00:47:00 2026] [1435218]     0 1435218   418034        0   147456      223          -500 docker-proxy
[Fri Jan 23 00:47:00 2026] [1435225]     0 1435225   436531        0   155648      210          -500 docker-proxy
[Fri Jan 23 00:47:00 2026] [ 550464]     0 550464     4268       28    81920      574             0 sshd
[Fri Jan 23 00:47:00 2026] [ 169720]     0 169720   309590      818   126976      203          -998 containerd-shim
[Fri Jan 23 00:47:00 2026] [ 169742]    70 169742    43631      614   131072      420             0 postgres
[Fri Jan 23 00:47:00 2026] [ 169799]    70 169799    43671      584   143360      446             0 postgres
[Fri Jan 23 00:47:00 2026] [ 169800]    70 169800    43655      209   126976      456             0 postgres
[Fri Jan 23 00:47:00 2026] [ 169802]    70 169802    43647      147   110592      458             0 postgres
[Fri Jan 23 00:47:00 2026] [ 169803]    70 169803    44052      273   126976      522             0 postgres
[Fri Jan 23 00:47:00 2026] [ 169804]    70 169804    44032      229   114688      510             0 postgres
[Fri Jan 23 00:47:00 2026] [ 170116]     0 170116   309526      656   114688      260          -998 containerd-shim
[Fri Jan 23 00:47:00 2026] [ 170152]     0 170152   309590      649   118784      223          -998 containerd-shim
[Fri Jan 23 00:47:00 2026] [ 170195]     0 170195   187176        1  1200128    10053             0 node
[Fri Jan 23 00:47:00 2026] [ 170196]     0 170196   187197        1  1204224    10080             0 node
[Fri Jan 23 00:47:00 2026] [ 170256]     0 170256   309590      662   118784      227          -998 containerd-shim
[Fri Jan 23 00:47:00 2026] [ 170278]     0 170278   187122        1  1175552    10018             0 node
[Fri Jan 23 00:47:00 2026] [ 170370]     0 170370   179834        1   643072     2631             0 node
[Fri Jan 23 00:47:00 2026] [ 170376]     0 170376   179769        1   638976     2606             0 node
[Fri Jan 23 00:47:00 2026] [ 170384]     0 170384   179775        1   643072     2570             0 node
[Fri Jan 23 00:47:00 2026] [ 170414]     0 170414 10812506     5022  2514944    13309             0 node
[Fri Jan 23 00:47:00 2026] [ 170419]     0 170419 10810604     1553  2314240    14371             0 node
[Fri Jan 23 00:47:00 2026] [ 170420]     0 170420 10812144     7348  2420736    10655             0 node
[Fri Jan 23 00:47:00 2026] [ 170450]     0 170450   310097      686   135168      698             0 esbuild
[Fri Jan 23 00:47:00 2026] [ 170455]     0 170455   309841      749   122880      440             0 esbuild
[Fri Jan 23 00:47:00 2026] [ 170477]     0 170477   309841      815   122880      517             0 esbuild
[Fri Jan 23 00:47:00 2026] [ 170598]    70 170598    44422     1118   139264      665             0 postgres
[Fri Jan 23 00:47:00 2026] [3012882]     0 3012882   309590      671   114688      207          -998 containerd-shim
[Fri Jan 23 00:47:00 2026] [3012903]     0 3012903   205519        0  1728512    13432             0 node
[Fri Jan 23 00:47:00 2026] [3012952]     0 3012952      700        0    45056       26             0 sh
[Fri Jan 23 00:47:00 2026] [3012953]     0 3012953  6280416       74  3522560    23622             0 next-server (v1
[Fri Jan 23 00:47:00 2026] [3379163]     0 3379163     2826      860    65536       70             0 tmux: server
[Fri Jan 23 00:47:00 2026] [3379164]     0 3379164     3095       47    61440     1333             0 bash
[Fri Jan 23 00:47:00 2026] [3477330]     0 3477330 23312047 15555714 186576896  7559927             0 stateless-histo
[Fri Jan 23 00:47:00 2026] [3518593]    70 3518593    44134     1322   135168      313             0 postgres
[Fri Jan 23 00:47:00 2026] oom-kill:constraint=CONSTRAINT_NONE,nodemask=(null),cpuset=user.slice,mems_allowed=0,global_oom,task_memcg=/user.slice/user-0.slice/session-1169180.scope,task=stateless-histo,pid=3477330,uid=0
[Fri Jan 23 00:47:00 2026] Out of memory: Killed process 3477330 (stateless-histo) total-vm:93248188kB, anon-rss:62222856kB, file-rss:0kB, shmem-rss:0kB, UID:0 pgtables:182204kB oom_score_adj:0
[Fri Jan 23 00:47:04 2026] oom_reaper: reaped process 3477330 (stateless-histo), now anon-rss:0kB, file-rss:0kB, shmem-rss:0kB
